     1                                  ; alive2.asm
     2                                  section .data
     3 00000000 48656C6C6F2C20776F-     	msg1	db	"Hello, world!", 0
     3 00000009 726C642100         
     4 0000000E 416C69766520616E64-     	msg2	db	"Alive and kicking!", 0
     4 00000017 206B69636B696E6721-
     4 00000020 00                 
     5 00000021 65010000                	radius	dd	357
     6 00000025 1F85EB51B81E0940        	pi	dq	3.14
     7 0000002D 25730A00                	fmtstr	db	"%s", 10, 0
     8 00000031 256C660A00              	fmtflt	db	"%lf", 10, 0
     9 00000036 25640A00                	fmtint	db	"%d", 10, 0
    10                                  
    11                                  section .bss
    12                                  section .text
    13                                  extern	printf
    14                                  	global main
    15                                  main:
    16 00000000 55                      	push 	rbp
    17 00000001 4889E5                  	mov	rbp, rsp
    18                                  
    19                                  	; print msg1
    20 00000004 B800000000              	mov	rax, 0		; no floating point 
    21 00000009 48BF-                   	mov	rdi, fmtstr
    21 0000000B [2D00000000000000] 
    22 00000013 48BE-                   	mov	rsi, msg1
    22 00000015 [0000000000000000] 
    23 0000001D E8(00000000)            	call	printf
    24                                  
    25                                  	; print msg2
    26 00000022 B800000000              	mov	rax, 0 		; no floating point
    27 00000027 48BF-                   	mov	rdi, fmtstr
    27 00000029 [2D00000000000000] 
    28 00000031 48BE-                   	mov 	rsi, msg2
    28 00000033 [0E00000000000000] 
    29 0000003B E8(00000000)            	call	printf
    30                                  
    31                                  	; print radius
    32 00000040 B800000000              	mov	rax, 0 		; no floating point
    33 00000045 48BF-                   	mov	rdi, fmtint
    33 00000047 [3600000000000000] 
    34 0000004F 488B3425[21000000]      	mov	rsi, [radius]
    35 00000057 E8(00000000)            	call	printf
    36                                  
    37                                  	; print pi 
    38 0000005C B801000000              	mov	rax, 1 		; 1 xmm register used
    39 00000061 F30F7E0425-             	movq	xmm0, [pi]
    39 00000066 [25000000]         
    40 0000006A 48BF-                   	mov	rdi, fmtflt
    40 0000006C [3100000000000000] 
    41 00000074 E8(00000000)            	call	printf
    42                                  
    43 00000079 4889EC                  	mov	rsp, rbp
    44 0000007C 5D                      	pop	rbp
    45                                  
    46 0000007D C3                      	ret
